<?xml version="1.0" encoding="UTF-8"?>
<Site BuildName="Win32-mingw32-make"
	BuildStamp="20210219-1021-Experimental"
	Name="DESKTOP-7T0P47L"
	Generator="ctest-3.20.0-rc1"
	CompilerName="C:/Program Files (x86)/mingw-w64/i686-8.1.0-posix-dwarf-rt_v6-rev0/mingw32/bin/g++.exe"
	CompilerVersion="8.1.0"
	OSName="Windows"
	Hostname="DESKTOP-7T0P47L"
	OSRelease=" Professional"
	OSVersion=" (Build 18363)"
	OSPlatform="AMD64"
	Is64Bits="1"
	VendorString="AuthenticAMD"
	VendorID="Advanced Micro Devices"
	FamilyID="15"
	ModelID="8"
	ProcessorCacheSize="96"
	NumberOfLogicalCPU="12"
	NumberOfPhysicalCPU="6"
	TotalVirtualMemory="26043"
	TotalPhysicalMemory="16315"
	LogicalProcessorsPerPhysical="2"
	ProcessorClockFrequency="3393"
	>
	<Testing>
		<StartDateTime>Feb 19 21:21 AUS Eastern Daylight Time</StartDateTime>
		<StartTestTime>1613730080</StartTestTime>
		<TestList/>
		<EndDateTime>Feb 19 21:21 AUS Eastern Daylight Time</EndDateTime>
		<EndTestTime>1613730080</EndTestTime>
		<ElapsedMinutes>0</ElapsedMinutes>
	</Testing>
</Site>
